INFO:sim:172 - Generating IP...
Applying current project options...
Finished applying current project options.
WARNING:sim - Verilog simulation file type 'Behavioral' is not valid for this
   core. Overriding with simulation file type 'Structural'.
WARNING:sim - A core named 'DDScompiler' already exists in the project. Output
   products for this core may be overwritten.
Resolving generics for 'DDScompiler'...
WARNING:sim - Verilog simulation file type 'Behavioral' is not valid for this
   core. Overriding with simulation file type 'Structural'.
WARNING:sim - A core named 'DDScompiler' already exists in the project. Output
   products for this core may be overwritten.
Applying external generics to 'DDScompiler'...
Delivering associated files for 'DDScompiler'...
Delivering EJava files for 'DDScompiler'...
Generating implementation netlist for 'DDScompiler'...
INFO:sim - Pre-processing HDL files for 'DDScompiler'...
Running synthesis for 'DDScompiler'
Running ngcbuild...
Writing VEO instantiation template for 'DDScompiler'...
WARNING:sim - Verilog simulation file type 'Behavioral' is not valid for this
   core. Overriding with simulation file type 'Structural'.
Writing Verilog structural simulation model for 'DDScompiler'...
WARNING:sim - Verilog simulation file type 'Behavioral' is not valid for this
   core. Overriding with simulation file type 'Structural'.
Delivered 3 files into directory
C:/Users/tibbs2010/Documents/SD/trunk/user_sandbox/Brian/Verilog/BPSK_controller
_Modulator/ipcore_dir/tmp/_cg/DDScompiler
Delivered 1 file into directory
C:/Users/tibbs2010/Documents/SD/trunk/user_sandbox/Brian/Verilog/BPSK_controller
_Modulator/ipcore_dir/tmp/_cg/DDScompiler
Generating ASY schematic symbol...
INFO:sim:949 - Finished generation of ASY schematic symbol.
Generating SYM schematic symbol for 'DDScompiler'...
Generating metadata file...
Regenerating ISE project file for 'DDScompiler'...
Generating ISE project...
XCO file found: DDScompiler.xco
XMDF file found: DDScompiler_xmdf.tcl
Adding
C:/Users/tibbs2010/Documents/SD/trunk/user_sandbox/Brian/Verilog/BPSK_controller
_Modulator/ipcore_dir/tmp/_cg/DDScompiler.asy -view all -origin_type imported
Adding
C:/Users/tibbs2010/Documents/SD/trunk/user_sandbox/Brian/Verilog/BPSK_controller
_Modulator/ipcore_dir/tmp/_cg/DDScompiler.ngc -view all -origin_type created
Checking file
"C:/Users/tibbs2010/Documents/SD/trunk/user_sandbox/Brian/Verilog/BPSK_controlle
r_Modulator/ipcore_dir/tmp/_cg/DDScompiler.ngc" for project device match ...
File
"C:/Users/tibbs2010/Documents/SD/trunk/user_sandbox/Brian/Verilog/BPSK_controlle
r_Modulator/ipcore_dir/tmp/_cg/DDScompiler.ngc" device information matches
project device.
Adding
C:/Users/tibbs2010/Documents/SD/trunk/user_sandbox/Brian/Verilog/BPSK_controller
_Modulator/ipcore_dir/tmp/_cg/DDScompiler.sym -view all -origin_type imported
Adding
C:/Users/tibbs2010/Documents/SD/trunk/user_sandbox/Brian/Verilog/BPSK_controller
_Modulator/ipcore_dir/tmp/_cg/DDScompiler.v -view all -origin_type created
INFO:HDLCompiler:1845 - Analyzing Verilog file
   "C:/Users/tibbs2010/Documents/SD/trunk/user_sandbox/Brian/Verilog/BPSK_contro
   ller_Modulator/ipcore_dir/tmp/_cg/DDScompiler.v" into library work
INFO:ProjectMgmt - Parsing design hierarchy completed successfully.
Adding
C:/Users/tibbs2010/Documents/SD/trunk/user_sandbox/Brian/Verilog/BPSK_controller
_Modulator/ipcore_dir/tmp/_cg/DDScompiler.veo -view all -origin_type imported
INFO:TclTasksC:2116 - The automatic calculation of top has been turned-off.
   Please set the new top explicitly by running the "project set top" command.
   To re-calculate the new top automatically, set the "Auto Implementation Top"
   property to true.
Top level has been set to "/DDScompiler"
Generating README file...
Generating FLIST file...
INFO:sim:948 - Finished FLIST file generation.
Launching README viewer...
Moving files to output directory...
Finished moving files to output directory
Wrote CGP file for project 'DDScompiler'.
