Release 14.6 - xst P.68d (nt64)
Copyright (c) 1995-2013 Xilinx, Inc.  All rights reserved.
--> Parameter TMPDIR set to xst/projnav.tmp


Total REAL time to Xst completion: 0.00 secs
Total CPU time to Xst completion: 0.38 secs
 
--> Parameter xsthdpdir set to xst


Total REAL time to Xst completion: 0.00 secs
Total CPU time to Xst completion: 0.38 secs
 
--> Reading design: BPSK_tx.prj

TABLE OF CONTENTS
  1) Synthesis Options Summary
  2) HDL Parsing
  3) HDL Elaboration
  4) HDL Synthesis
       4.1) HDL Synthesis Report
  5) Advanced HDL Synthesis
       5.1) Advanced HDL Synthesis Report
  6) Low Level Synthesis
  7) Partition Report
  8) Design Summary
       8.1) Primitive and Black Box Usage
       8.2) Device utilization summary
       8.3) Partition Resource Summary
       8.4) Timing Report
            8.4.1) Clock Information
            8.4.2) Asynchronous Control Signals Information
            8.4.3) Timing Summary
            8.4.4) Timing Details
            8.4.5) Cross Clock Domains Report


=========================================================================
*                      Synthesis Options Summary                        *
=========================================================================
---- Source Parameters
Input File Name                    : "BPSK_tx.prj"
Ignore Synthesis Constraint File   : NO

---- Target Parameters
Output File Name                   : "BPSK_tx"
Output Format                      : NGC
Target Device                      : xc6slx45-2-csg484

---- Source Options
Top Module Name                    : BPSK_tx
Automatic FSM Extraction           : YES
FSM Encoding Algorithm             : Auto
Safe Implementation                : No
FSM Style                          : LUT
RAM Extraction                     : Yes
RAM Style                          : Auto
ROM Extraction                     : Yes
Shift Register Extraction          : YES
ROM Style                          : Auto
Resource Sharing                   : YES
Asynchronous To Synchronous        : NO
Shift Register Minimum Size        : 2
Use DSP Block                      : Auto
Automatic Register Balancing       : No

---- Target Options
LUT Combining                      : Auto
Reduce Control Sets                : Auto
Add IO Buffers                     : YES
Global Maximum Fanout              : 100000
Add Generic Clock Buffer(BUFG)     : 16
Register Duplication               : YES
Optimize Instantiated Primitives   : NO
Use Clock Enable                   : Auto
Use Synchronous Set                : Auto
Use Synchronous Reset              : Auto
Pack IO Registers into IOBs        : Auto
Equivalent register Removal        : YES

---- General Options
Optimization Goal                  : Speed
Optimization Effort                : 1
Power Reduction                    : NO
Keep Hierarchy                     : No
Netlist Hierarchy                  : As_Optimized
RTL Output                         : Yes
Global Optimization                : AllClockNets
Read Cores                         : YES
Write Timing Constraints           : NO
Cross Clock Analysis               : NO
Hierarchy Separator                : /
Bus Delimiter                      : <>
Case Specifier                     : Maintain
Slice Utilization Ratio            : 100
BRAM Utilization Ratio             : 100
DSP48 Utilization Ratio            : 100
Auto BRAM Packing                  : NO
Slice Utilization Ratio Delta      : 5

---- Other Options
Cores Search Directories           : {"ipcore_dir"  }

=========================================================================


=========================================================================
*                          HDL Parsing                                  *
=========================================================================
Analyzing Verilog file "C:\Users\Cedric\Documents\SD.git\trunk\user_sandbox\Cedric\Simulation\BPSK_controller_Modulator\ipcore_dir\DDScompiler.v" into library work
Parsing module <DDScompiler>.
Analyzing Verilog file "C:\Users\Cedric\Documents\SD.git\trunk\user_sandbox\Cedric\Simulation\BPSK_controller_Modulator\SINE.v" into library work
Parsing module <SINE>.
Analyzing Verilog file "C:\Users\Cedric\Documents\SD.git\trunk\user_sandbox\Cedric\Simulation\BPSK_controller_Modulator\Mixer.v" into library work
Parsing module <Mixer>.
Analyzing Verilog file "C:\Users\Cedric\Documents\SD.git\trunk\user_sandbox\Cedric\Simulation\BPSK_controller_Modulator\sineDatapath.v" into library work
Parsing module <sineDatapath>.
Analyzing Verilog file "C:\Users\Cedric\Documents\SD.git\trunk\user_sandbox\Cedric\Simulation\BPSK_controller_Modulator\sineController.v" into library work
Parsing module <BPSKcontroller>.
Analyzing Verilog file "C:\Users\Cedric\Documents\SD.git\trunk\user_sandbox\Cedric\Simulation\BPSK_controller_Modulator\BPSK_tx.v" into library work
Parsing module <BPSK_tx>.

=========================================================================
*                            HDL Elaboration                            *
=========================================================================

Elaborating module <BPSK_tx>.

Elaborating module <BPSKcontroller>.

Elaborating module <sineDatapath>.

Elaborating module <SINE>.

Elaborating module <DDScompiler>.

Elaborating module <Mixer>.

=========================================================================
*                           HDL Synthesis                               *
=========================================================================

Synthesizing Unit <BPSK_tx>.
    Related source file is "C:\Users\Cedric\Documents\SD.git\trunk\user_sandbox\Cedric\Simulation\BPSK_controller_Modulator\BPSK_tx.v".
    Summary:
	no macro.
Unit <BPSK_tx> synthesized.

Synthesizing Unit <BPSKcontroller>.
    Related source file is "C:\Users\Cedric\Documents\SD.git\trunk\user_sandbox\Cedric\Simulation\BPSK_controller_Modulator\sineController.v".
        WAIT = 0
        MOD = 1
    Found 1-bit register for signal <state>.
    Summary:
	inferred   1 D-type flip-flop(s).
	inferred   1 Multiplexer(s).
Unit <BPSKcontroller> synthesized.

Synthesizing Unit <sineDatapath>.
    Related source file is "C:\Users\Cedric\Documents\SD.git\trunk\user_sandbox\Cedric\Simulation\BPSK_controller_Modulator\sineDatapath.v".
    Summary:
	no macro.
Unit <sineDatapath> synthesized.

Synthesizing Unit <SINE>.
    Related source file is "C:\Users\Cedric\Documents\SD.git\trunk\user_sandbox\Cedric\Simulation\BPSK_controller_Modulator\SINE.v".
    Summary:
	no macro.
Unit <SINE> synthesized.

Synthesizing Unit <Mixer>.
    Related source file is "C:\Users\Cedric\Documents\SD.git\trunk\user_sandbox\Cedric\Simulation\BPSK_controller_Modulator\Mixer.v".
    Found 16-bit register for signal <BPSK>.
    Found 1-bit register for signal <ena_mod>.
    Found 16x16-bit multiplier for signal <n0008> created at line 19.
    Summary:
	inferred   1 Multiplier(s).
	inferred  17 D-type flip-flop(s).
	inferred   1 Multiplexer(s).
Unit <Mixer> synthesized.

=========================================================================
HDL Synthesis Report

Macro Statistics
# Multipliers                                          : 1
 16x16-bit multiplier                                  : 1
# Registers                                            : 3
 1-bit register                                        : 2
 16-bit register                                       : 1
# Multiplexers                                         : 2
 1-bit 2-to-1 multiplexer                              : 1
 16-bit 2-to-1 multiplexer                             : 1

=========================================================================

=========================================================================
*                       Advanced HDL Synthesis                          *
=========================================================================

Reading core <ipcore_dir/DDScompiler.ngc>.
Reading Secure Unit <blk00000001>.
Loading core <DDScompiler> for timing and area information for instance <u0>.

=========================================================================
Advanced HDL Synthesis Report

Macro Statistics
# Multipliers                                          : 1
 16x16-bit multiplier                                  : 1
# Registers                                            : 18
 Flip-Flops                                            : 18
# Multiplexers                                         : 2
 1-bit 2-to-1 multiplexer                              : 1
 16-bit 2-to-1 multiplexer                             : 1

=========================================================================

=========================================================================
*                         Low Level Synthesis                           *
=========================================================================

Optimizing unit <BPSK_tx> ...

Optimizing unit <Mixer> ...

Mapping all equations...
Building and optimizing final netlist ...
Found area constraint ratio of 100 (+ 5) on block BPSK_tx, actual ratio is 0.

Final Macro Processing ...

=========================================================================
Final Register Report

Macro Statistics
# Registers                                            : 18
 Flip-Flops                                            : 18

=========================================================================

=========================================================================
*                           Partition Report                            *
=========================================================================

Partition Implementation Status
-------------------------------

  No Partitions were found in this design.

-------------------------------

=========================================================================
*                            Design Summary                             *
=========================================================================

Top Level Output File Name         : BPSK_tx.ngc

Primitive and Black Box Usage:
------------------------------
# BELS                             : 194
#      GND                         : 3
#      INV                         : 3
#      LUT1                        : 3
#      LUT2                        : 51
#      LUT3                        : 28
#      LUT4                        : 2
#      MUXCY                       : 50
#      VCC                         : 2
#      XORCY                       : 52
# FlipFlops/Latches                : 126
#      FD                          : 3
#      FDE                         : 74
#      FDR                         : 16
#      FDRE                        : 31
#      FDSE                        : 2
# RAMS                             : 1
#      RAMB16BWER                  : 1
# Shift Registers                  : 2
#      SRLC16E                     : 2
# Clock Buffers                    : 1
#      BUFGP                       : 1
# IO Buffers                       : 19
#      IBUF                        : 2
#      OBUF                        : 17
# DSPs                             : 1
#      DSP48A1                     : 1

Device utilization summary:
---------------------------

Selected Device : 6slx45csg484-2 


Slice Logic Utilization: 
 Number of Slice Registers:             126  out of  54576     0%  
 Number of Slice LUTs:                   89  out of  27288     0%  
    Number used as Logic:                87  out of  27288     0%  
    Number used as Memory:                2  out of   6408     0%  
       Number used as SRL:                2

Slice Logic Distribution: 
 Number of LUT Flip Flop pairs used:    198
   Number with an unused Flip Flop:      72  out of    198    36%  
   Number with an unused LUT:           109  out of    198    55%  
   Number of fully used LUT-FF pairs:    17  out of    198     8%  
   Number of unique control sets:         2

IO Utilization: 
 Number of IOs:                          20
 Number of bonded IOBs:                  20  out of    320     6%  

Specific Feature Utilization:
 Number of Block RAM/FIFO:                1  out of    116     0%  
    Number using Block RAM only:          1
 Number of BUFG/BUFGCTRLs:                1  out of     16     6%  
 Number of DSP48A1s:                      1  out of     58     1%  

---------------------------
Partition Resource Summary:
---------------------------

  No Partitions were found in this design.

---------------------------


=========================================================================
Timing Report

NOTE: THESE TIMING NUMBERS ARE ONLY A SYNTHESIS ESTIMATE.
      FOR ACCURATE TIMING INFORMATION PLEASE REFER TO THE TRACE REPORT
      GENERATED AFTER PLACE-and-ROUTE.

Clock Information:
------------------
-----------------------------------+------------------------+-------+
Clock Signal                       | Clock buffer(FF name)  | Load  |
-----------------------------------+------------------------+-------+
CLK                                | BUFGP                  | 129   |
-----------------------------------+------------------------+-------+

Asynchronous Control Signals Information:
----------------------------------------
No asynchronous control signals found in this design

Timing Summary:
---------------
Speed Grade: -2

   Minimum period: 5.807ns (Maximum Frequency: 172.206MHz)
   Minimum input arrival time before clock: 3.047ns
   Maximum output required time after clock: 4.118ns
   Maximum combinational path delay: No path found

Timing Details:
---------------
All values displayed in nanoseconds (ns)

=========================================================================
Timing constraint: Default period analysis for Clock 'CLK'
  Clock period: 5.807ns (frequency: 172.206MHz)
  Total number of paths / destination ports: 1763 / 299
-------------------------------------------------------------------------
Delay:               5.807ns (Levels of Logic = 3)
  Source:            sec_inst (FF)
  Destination:       u1/u1/BPSK_15 (FF)
  Source Clock:      CLK rising
  Destination Clock: CLK rising

  Data Path: sec_inst to u1/u1/BPSK_15
                                Gate     Net
    Cell:in->out      fanout   Delay   Delay  Logical Name (Net Name)
    ----------------------------------------  ------------
     SEC:C->out           10   0.525   1.007  sec_inst (sec_net)
     end scope: 'u1/u0/u0/blk00000001:m_axis_data_tdata<15>'
     end scope: 'u1/u0/u0:m_axis_data_tdata<15>'
     DSP48A1:A15->M15      1   3.265   0.682  u1/u1/Mmult_n0008 (u1/u1/n0008<15>)
     LUT3:I2->O            1   0.254   0.000  u1/u1/Mmux_PWR_6_o_sine[15]_mux_3_OUT71 (u1/u1/PWR_6_o_sine[15]_mux_3_OUT<15>)
     FDR:D                     0.074          u1/u1/BPSK_15
    ----------------------------------------
    Total                      5.807ns (4.118ns logic, 1.689ns route)
                                       (70.9% logic, 29.1% route)

=========================================================================
Timing constraint: Default OFFSET IN BEFORE for Clock 'CLK'
  Total number of paths / destination ports: 17 / 17
-------------------------------------------------------------------------
Offset:              3.047ns (Levels of Logic = 2)
  Source:            SW (PAD)
  Destination:       u1/u1/BPSK_15 (FF)
  Destination Clock: CLK rising

  Data Path: SW to u1/u1/BPSK_15
                                Gate     Net
    Cell:in->out      fanout   Delay   Delay  Logical Name (Net Name)
    ----------------------------------------  ------------
     IBUF:I->O            16   1.328   1.410  SW_IBUF (SW_IBUF)
     LUT3:I0->O            1   0.235   0.000  u1/u1/Mmux_PWR_6_o_sine[15]_mux_3_OUT17 (u1/u1/PWR_6_o_sine[15]_mux_3_OUT<0>)
     FDR:D                     0.074          u1/u1/BPSK_0
    ----------------------------------------
    Total                      3.047ns (1.637ns logic, 1.410ns route)
                                       (53.7% logic, 46.3% route)

=========================================================================
Timing constraint: Default OFFSET OUT AFTER for Clock 'CLK'
  Total number of paths / destination ports: 17 / 17
-------------------------------------------------------------------------
Offset:              4.118ns (Levels of Logic = 1)
  Source:            u1/u1/BPSK_15 (FF)
  Destination:       BPSK<15> (PAD)
  Source Clock:      CLK rising

  Data Path: u1/u1/BPSK_15 to BPSK<15>
                                Gate     Net
    Cell:in->out      fanout   Delay   Delay  Logical Name (Net Name)
    ----------------------------------------  ------------
     FDR:C->Q              1   0.525   0.681  u1/u1/BPSK_15 (u1/u1/BPSK_15)
     OBUF:I->O                 2.912          BPSK_15_OBUF (BPSK<15>)
    ----------------------------------------
    Total                      4.118ns (3.437ns logic, 0.681ns route)
                                       (83.5% logic, 16.5% route)

=========================================================================

Cross Clock Domains Report:
--------------------------

Clock to Setup on destination clock CLK
---------------+---------+---------+---------+---------+
               | Src:Rise| Src:Fall| Src:Rise| Src:Fall|
Source Clock   |Dest:Rise|Dest:Rise|Dest:Fall|Dest:Fall|
---------------+---------+---------+---------+---------+
CLK            |    5.807|         |         |         |
---------------+---------+---------+---------+---------+

=========================================================================


Total REAL time to Xst completion: 38.00 secs
Total CPU time to Xst completion: 38.07 secs
 
--> 

Total memory usage is 292964 kilobytes

Number of errors   :    0 (   0 filtered)
Number of warnings :    0 (   0 filtered)
Number of infos    :    0 (   0 filtered)

