ISim log file
Running: C:\Users\Cedric\Documents\SD.git\trunk\user_sandbox\Cedric\Simulation\BPSK_controller_Modulator\BPSK_txTest_isim_beh.exe -intstyle ise -gui -tclbatch isim.cmd -wdb C:/Users/Cedric/Documents/SD.git/trunk/user_sandbox/Cedric/Simulation/BPSK_controller_Modulator/BPSK_txTest_isim_beh.wdb 
ISim P.68d (signature 0x7708f090)
----------------------------------------------------------------------
INFO:Security:66 - Your license for 'ISIM' is for evaluation use only.
WARNING:Security:40 - Your license for 'ISIM' expires in 4 days.
WARNING:Security:42 - Your software subscription period has lapsed. Your current version of Xilinx tools will continue to function, but you no longer qualify for Xilinx software updates or new releases.


----------------------------------------------------------------------
This is a Full version of ISim.
Time resolution is 1 ps
# onerror resume
# wave add /
# run 1000 ns
Simulator is doing circuit initialization process.
Finished circuit initialization process.
ISim P.68d (signature 0x7708f090)
----------------------------------------------------------------------
INFO:Security:66 - Your license for 'ISIM' is for evaluation use only.
WARNING:Security:40 - Your license for 'ISIM' expires in 4 days.
WARNING:Security:42 - Your software subscription period has lapsed. Your current version of Xilinx tools will continue to function, but you no longer qualify for Xilinx software updates or new releases.


----------------------------------------------------------------------
This is a Full version of ISim.
# run 1000 ns
Simulator is doing circuit initialization process.
Finished circuit initialization process.
