Command line:
   BPSK_tx_isim_beh.exe
     -simmode  gui
     -simrunnum  0
     -socket  56736

Tue Feb 18 11:22:10 2014


 Elaboration Time: 0.327601 sec

 Current Memory Usage: 1172.96 Meg

 Total Signals          : 1536
 Total Nets             : 877
 Total Signal Drivers   : 586
 Total Blocks           : 307
 Total Primitive Blocks : 274
 Total Processes        : 1047
 Total Traceable Variables  : 769
 Total Scalar Nets and Variables : 61566
Total Line Count : 3353

 Total Simulation Time: 0.358801 sec

 Current Memory Usage: 1172.96 Meg

Tue Feb 18 11:22:12 2014

