--------------------------------- Version Log ----------------------------------
Version                                 Path
System Generator 14.6                   C:/Xilinx/14.6/ISE_DS/ISE/sysgen
Matlab 8.1.0.604 (R2013a)               C:/Program Files/MATLAB/R2013a
ISE                                     C:/Xilinx/14.6/ISE_DS/ISE
--------------------------------------------------------------------------------
Summary of Errors:
Error 0001: Internal Error
     Block: 'Modulator_Xilinx_Verilog/DSP48 Macro/xlmacroissueengine'
Error 0002: Internal Error
     Block: 'Modulator_Xilinx_Verilog/DSP48 Macro/DSP48'
--------------------------------------------------------------------------------

Error 0001:

Reported by:
  'Modulator_Xilinx_Verilog/DSP48 Macro/xlmacroissueengine'

Details:
An internal error occurred in the Xilinx Blockset Library.

Please report this error to Xilinx (http://support.xilinx.com),
in as much detail as possible. You may also find immediate help
in the Answers Database and other online resources at http://support.xilinx.com.


Error occurred during "Block Configuration".

--------------------------------------------------------------------------------

Error 0001:

Reported by:
  'Modulator_Xilinx_Verilog/DSP48 Macro/DSP48'

Details:
An internal error occurred in the Xilinx Blockset Library.

Please report this error to Xilinx (http://support.xilinx.com),
in as much detail as possible. You may also find immediate help
in the Answers Database and other online resources at http://support.xilinx.com.


Error occurred during "Block Configuration".

--------------------------------------------------------------------------------
